<?xml version="1.0" encoding="UTF-8"?>
<!-- Generated by org.testng.reporters.JUnitReportReporter -->
<testsuite hostname="BTTWIN10-VM-175" failures="0" tests="3" name="com.crm.qa.testcases.LoginPageTest" time="29.241" errors="0" timestamp="06 Feb 2021 14:55:06 GMT" skipped="0">
  <testcase classname="com.crm.qa.testcases.LoginPageTest" name="loginPageTitleTest" time="7.879"/>
  <testcase classname="com.crm.qa.testcases.LoginPageTest" name="loginTest" time="8.668"/>
  <testcase classname="com.crm.qa.testcases.LoginPageTest" name="validateMyAccountDropdownTest" time="12.694"/>
</testsuite> <!-- com.crm.qa.testcases.LoginPageTest -->
